<?xml version="1.0" encoding="UTF-8"?>
<!-- Generated by org.testng.reporters.JUnitReportReporter -->
<testsuite skipped="0" hostname="DESKTOP-R7L7OE4" name="com.training.regression.tests.LoginExcelTest" tests="4" failures="0" timestamp="19 Sep 2019 04:16:33 GMT" time="51.540" errors="0">
  <testcase name="loginDBTest" time="13.260" classname="com.training.regression.tests.LoginExcelTest"/>
  <testcase name="loginDBTest" time="10.710" classname="com.training.regression.tests.LoginExcelTest"/>
  <testcase name="loginDBTest" time="17.766" classname="com.training.regression.tests.LoginExcelTest"/>
  <testcase name="loginDBTest" time="9.804" classname="com.training.regression.tests.LoginExcelTest"/>
</testsuite> <!-- com.training.regression.tests.LoginExcelTest -->
