<?xml version="1.0" encoding="UTF-8"?>
<!-- Generated by org.testng.reporters.JUnitReportReporter -->
<testsuite skipped="0" hostname="DESKTOP-R7L7OE4" name="com.training.regression.tests.RTTC_075_Test_UserReturnOrderedproducts" tests="4" failures="0" timestamp="26 Sep 2019 06:24:55 GMT" time="105.857" errors="0">
  <testcase name="AddProductExcelTest" time="41.481" classname="com.training.regression.tests.RTTC_075_Test_UserReturnOrderedproducts"/>
  <testcase name="AddProductExcelTest" time="19.004" classname="com.training.regression.tests.RTTC_075_Test_UserReturnOrderedproducts"/>
  <testcase name="AddProductExcelTest" time="22.478" classname="com.training.regression.tests.RTTC_075_Test_UserReturnOrderedproducts"/>
  <testcase name="AddProductExcelTest" time="22.894" classname="com.training.regression.tests.RTTC_075_Test_UserReturnOrderedproducts"/>
</testsuite> <!-- com.training.regression.tests.RTTC_075_Test_UserReturnOrderedproducts -->
