<?xml version="1.0" encoding="UTF-8"?>
<!-- Generated by org.testng.reporters.JUnitReportReporter -->
<testsuite skipped="0" hostname="DESKTOP-R7L7OE4" name="com.training.sanity.tests.DeleteProductTest_RTTC_015" tests="1" failures="0" timestamp="09 Sep 2019 06:30:50 GMT" time="42.605" errors="0">
  <testcase name="validLoginTest" time="42.605" classname="com.training.sanity.tests.DeleteProductTest_RTTC_015"/>
</testsuite> <!-- com.training.sanity.tests.DeleteProductTest_RTTC_015 -->
