<?xml version="1.0" encoding="UTF-8"?>
<!-- Generated by org.testng.reporters.JUnitReportReporter -->
<testsuite skipped="0" hostname="DESKTOP-R7L7OE4" name="com.training.regression.tests.RTTC_073_Test_VerifyAddedProductStoredInDatabase" tests="7" failures="0" timestamp="25 Sep 2019 12:18:44 GMT" time="70.431" errors="0">
  <testcase name="LoginTests" time="2.954" classname="com.training.regression.tests.RTTC_073_Test_VerifyAddedProductStoredInDatabase"/>
  <testcase name="CatalogIconTests" time="5.347" classname="com.training.regression.tests.RTTC_073_Test_VerifyAddedProductStoredInDatabase"/>
  <testcase name="AddProductTest" time="49.529" classname="com.training.regression.tests.RTTC_073_Test_VerifyAddedProductStoredInDatabase"/>
  <testcase name="SaveButtonClickForAddedProductTest" time="4.205" classname="com.training.regression.tests.RTTC_073_Test_VerifyAddedProductStoredInDatabase"/>
  <testcase name="SeachProductAfterAddOfProductListTest" time="4.634" classname="com.training.regression.tests.RTTC_073_Test_VerifyAddedProductStoredInDatabase"/>
  <testcase name="SeachProductTablefromProductListTest" time="3.756" classname="com.training.regression.tests.RTTC_073_Test_VerifyAddedProductStoredInDatabase"/>
  <testcase name="loginDBTest" time="0.006" classname="com.training.regression.tests.RTTC_073_Test_VerifyAddedProductStoredInDatabase"/>
</testsuite> <!-- com.training.regression.tests.RTTC_073_Test_VerifyAddedProductStoredInDatabase -->
