<?xml version="1.0" encoding="UTF-8"?>
<!-- Generated by org.testng.reporters.JUnitReportReporter -->
<testsuite skipped="0" hostname="DESKTOP-R7L7OE4" name="com.training.regression.tests.RTTC_074_Test_GuestUserPlaceorderAdminChangeorderStatus" tests="2" failures="0" timestamp="25 Sep 2019 17:10:49 GMT" time="76.364" errors="0">
  <testcase name="LoginTests" time="43.581" classname="com.training.regression.tests.RTTC_074_Test_GuestUserPlaceorderAdminChangeorderStatus"/>
  <testcase name="billingAddressGuestUser" time="32.783" classname="com.training.regression.tests.RTTC_074_Test_GuestUserPlaceorderAdminChangeorderStatus"/>
</testsuite> <!-- com.training.regression.tests.RTTC_074_Test_GuestUserPlaceorderAdminChangeorderStatus -->
