<?xml version="1.0" encoding="UTF-8"?>
<!-- Generated by org.testng.reporters.JUnitReportReporter -->
<testsuite skipped="0" hostname="DESKTOP-R7L7OE4" name="com.training.sanity.tests.RTTC_045_Test_OrderDetailCheckByAdmin" tests="5" failures="0" timestamp="13 Sep 2019 10:37:23 GMT" time="20.826" errors="0">
  <testcase name="LoginTest1" time="2.174" classname="com.training.sanity.tests.RTTC_045_Test_OrderDetailCheckByAdmin"/>
  <testcase name="CatalogMenuTest2" time="3.718" classname="com.training.sanity.tests.RTTC_045_Test_OrderDetailCheckByAdmin"/>
  <testcase name="OrderTest3" time="2.814" classname="com.training.sanity.tests.RTTC_045_Test_OrderDetailCheckByAdmin"/>
  <testcase name="ViewIconTest3" time="7.673" classname="com.training.sanity.tests.RTTC_045_Test_OrderDetailCheckByAdmin"/>
  <testcase name="InvoiceGenerateTest4" time="4.447" classname="com.training.sanity.tests.RTTC_045_Test_OrderDetailCheckByAdmin"/>
</testsuite> <!-- com.training.sanity.tests.RTTC_045_Test_OrderDetailCheckByAdmin -->
