<?xml version="1.0" encoding="UTF-8"?>
<!-- Generated by org.testng.reporters.JUnitReportReporter -->
<testsuite skipped="0" hostname="DESKTOP-R7L7OE4" name="com.training.sanity.tests.RTTC_041_Test_AdminFileterProduct" tests="1" failures="0" timestamp="16 Sep 2019 05:18:28 GMT" time="57.036" errors="0">
  <testcase name="validLoginTest" time="57.036" classname="com.training.sanity.tests.RTTC_041_Test_AdminFileterProduct"/>
</testsuite> <!-- com.training.sanity.tests.RTTC_041_Test_AdminFileterProduct -->
