<?xml version="1.0" encoding="UTF-8"?>
<!-- Generated by org.testng.reporters.JUnitReportReporter -->
<testsuite skipped="0" hostname="DESKTOP-R7L7OE4" name="com.training.sanity.tests.RTTC_044_Test_AddProdDeleteMulProandSearch" tests="11" failures="0" timestamp="18 Sep 2019 06:08:05 GMT" time="150.744" errors="0">
  <testcase name="LoginTest1" time="2.620" classname="com.training.sanity.tests.RTTC_044_Test_AddProdDeleteMulProandSearch"/>
  <testcase name="catalogIconTest2" time="3.837" classname="com.training.sanity.tests.RTTC_044_Test_AddProdDeleteMulProandSearch"/>
  <testcase name="ProductListTest3" time="14.520" classname="com.training.sanity.tests.RTTC_044_Test_AddProdDeleteMulProandSearch"/>
  <testcase name="ProductTest4" time="16.451" classname="com.training.sanity.tests.RTTC_044_Test_AddProdDeleteMulProandSearch"/>
  <testcase name="DefaultTabTest5" time="31.119" classname="com.training.sanity.tests.RTTC_044_Test_AddProdDeleteMulProandSearch"/>
  <testcase name="AddSecProductTest6" time="13.961" classname="com.training.sanity.tests.RTTC_044_Test_AddProdDeleteMulProandSearch"/>
  <testcase name="DefaultTab2ndProductTest7" time="28.444" classname="com.training.sanity.tests.RTTC_044_Test_AddProdDeleteMulProandSearch"/>
  <testcase name="search2ndProdTest8" time="4.758" classname="com.training.sanity.tests.RTTC_044_Test_AddProdDeleteMulProandSearch"/>
  <testcase name="deleteMultipleProductTest9" time="27.016" classname="com.training.sanity.tests.RTTC_044_Test_AddProdDeleteMulProandSearch"/>
  <testcase name="searchtableForPro1AfetrDeleteTest10" time="4.091" classname="com.training.sanity.tests.RTTC_044_Test_AddProdDeleteMulProandSearch"/>
  <testcase name="searchtableForPro2AfetrDeleteTest11" time="3.927" classname="com.training.sanity.tests.RTTC_044_Test_AddProdDeleteMulProandSearch"/>
</testsuite> <!-- com.training.sanity.tests.RTTC_044_Test_AddProdDeleteMulProandSearch -->
