<?xml version="1.0" encoding="UTF-8"?>
<!-- Generated by org.testng.reporters.JUnitReportReporter -->
<testsuite skipped="0" hostname="DESKTOP-R7L7OE4" name="com.training.sanity.tests.deleteCategoryTest_RTTC_013" tests="1" failures="0" timestamp="08 Sep 2019 21:28:16 GMT" time="43.011" errors="0">
  <testcase name="validLoginTest" time="43.011" classname="com.training.sanity.tests.deleteCategoryTest_RTTC_013"/>
</testsuite> <!-- com.training.sanity.tests.deleteCategoryTest_RTTC_013 -->
