<?xml version="1.0" encoding="UTF-8"?>
<!-- Generated by org.testng.reporters.JUnitReportReporter -->
<testsuite skipped="0" hostname="DESKTOP-R7L7OE4" name="com.training.sanity.tests.LoginTests" tests="1" failures="0" timestamp="06 Sep 2019 08:12:12 GMT" time="20.412" errors="0">
  <testcase name="validLoginTest" time="20.412" classname="com.training.sanity.tests.LoginTests"/>
</testsuite> <!-- com.training.sanity.tests.LoginTests -->
