<?xml version="1.0" encoding="UTF-8"?>
<!-- Generated by org.testng.reporters.JUnitReportReporter -->
<testsuite skipped="0" hostname="DESKTOP-R7L7OE4" name="com.training.regression.tests.RTTC_072_Test_ErrorMsgForInvalidProductAdd" tests="4" failures="0" timestamp="25 Sep 2019 19:14:37 GMT" time="276.679" errors="0">
  <testcase name="AddProductExcelTest" time="71.001" classname="com.training.regression.tests.RTTC_072_Test_ErrorMsgForInvalidProductAdd"/>
  <testcase name="AddProductExcelTest" time="68.338" classname="com.training.regression.tests.RTTC_072_Test_ErrorMsgForInvalidProductAdd"/>
  <testcase name="AddProductExcelTest" time="68.944" classname="com.training.regression.tests.RTTC_072_Test_ErrorMsgForInvalidProductAdd"/>
  <testcase name="AddProductExcelTest" time="68.396" classname="com.training.regression.tests.RTTC_072_Test_ErrorMsgForInvalidProductAdd"/>
</testsuite> <!-- com.training.regression.tests.RTTC_072_Test_ErrorMsgForInvalidProductAdd -->
