<?xml version="1.0" encoding="UTF-8"?>
<!-- Generated by org.testng.reporters.JUnitReportReporter -->
<testsuite skipped="0" hostname="DESKTOP-R7L7OE4" name="com.training.regression.tests.LoginDBTest" tests="3" failures="0" timestamp="19 Sep 2019 06:48:45 GMT" time="38.099" errors="0">
  <testcase name="loginDBTest" time="11.475" classname="com.training.regression.tests.LoginDBTest"/>
  <testcase name="loginDBTest" time="13.067" classname="com.training.regression.tests.LoginDBTest"/>
  <testcase name="loginDBTest" time="13.557" classname="com.training.regression.tests.LoginDBTest"/>
</testsuite> <!-- com.training.regression.tests.LoginDBTest -->
