<?xml version="1.0" encoding="UTF-8"?>
<!-- Generated by org.testng.reporters.JUnitReportReporter -->
<testsuite skipped="0" hostname="DESKTOP-R7L7OE4" name="com.training.sanity.tests.ListOfCatagories_RTTC_012" tests="1" failures="0" timestamp="08 Sep 2019 15:03:29 GMT" time="26.920" errors="0">
  <testcase name="validLoginTest" time="26.920" classname="com.training.sanity.tests.ListOfCatagories_RTTC_012"/>
</testsuite> <!-- com.training.sanity.tests.ListOfCatagories_RTTC_012 -->
