<?xml version="1.0" encoding="UTF-8"?>
<!-- Generated by org.testng.reporters.JUnitReportReporter -->
<testsuite skipped="0" hostname="DESKTOP-R7L7OE4" name="com.training.sanity.tests.RTTC_043_Test_UpdateQty" tests="7" failures="0" timestamp="12 Sep 2019 20:13:56 GMT" time="55.740" errors="0">
  <testcase name="LoginTest1" time="2.304" classname="com.training.sanity.tests.RTTC_043_Test_UpdateQty"/>
  <testcase name="CatalogMenuTest2" time="3.955" classname="com.training.sanity.tests.RTTC_043_Test_UpdateQty"/>
  <testcase name="ProductTest3" time="3.054" classname="com.training.sanity.tests.RTTC_043_Test_UpdateQty"/>
  <testcase name="ProductEditIconTest4" time="4.759" classname="com.training.sanity.tests.RTTC_043_Test_UpdateQty"/>
  <testcase name="DataTabTest4" time="9.511" classname="com.training.sanity.tests.RTTC_043_Test_UpdateQty"/>
  <testcase name="DefaultTabTest5" time="23.788" classname="com.training.sanity.tests.RTTC_043_Test_UpdateQty"/>
  <testcase name="SaveIconTest6" time="8.369" classname="com.training.sanity.tests.RTTC_043_Test_UpdateQty"/>
</testsuite> <!-- com.training.sanity.tests.RTTC_043_Test_UpdateQty -->
