<?xml version="1.0" encoding="UTF-8"?>
<!-- Generated by org.testng.reporters.JUnitReportReporter -->
<testsuite skipped="0" hostname="DESKTOP-R7L7OE4" name="com.training.sanity.tests.SearchFilterListProductTest_RTTC_014" tests="1" failures="0" timestamp="09 Sep 2019 03:47:01 GMT" time="59.054" errors="0">
  <testcase name="validLoginTest" time="59.054" classname="com.training.sanity.tests.SearchFilterListProductTest_RTTC_014"/>
</testsuite> <!-- com.training.sanity.tests.SearchFilterListProductTest_RTTC_014 -->
