<?xml version="1.0" encoding="UTF-8"?>
<!-- Generated by org.testng.reporters.JUnitReportReporter -->
<testsuite skipped="0" hostname="DESKTOP-R7L7OE4" name="com.training.sanity.tests.RTTC_044_Test_DeleteMulProduct" tests="4" failures="0" timestamp="16 Sep 2019 10:24:08 GMT" time="42.546" errors="0">
  <testcase name="LoginTest1" time="2.581" classname="com.training.sanity.tests.RTTC_044_Test_DeleteMulProduct"/>
  <testcase name="catalogIconTest2" time="4.485" classname="com.training.sanity.tests.RTTC_044_Test_DeleteMulProduct"/>
  <testcase name="ProductListTest3" time="10.694" classname="com.training.sanity.tests.RTTC_044_Test_DeleteMulProduct"/>
  <testcase name="deleteMultipleProductTest4" time="24.786" classname="com.training.sanity.tests.RTTC_044_Test_DeleteMulProduct"/>
</testsuite> <!-- com.training.sanity.tests.RTTC_044_Test_DeleteMulProduct -->
