<?xml version="1.0" encoding="UTF-8"?>
<!-- Generated by org.testng.reporters.JUnitReportReporter -->
<testsuite skipped="0" hostname="DESKTOP-R7L7OE4" name="com.training.sanity.tests.LoginTests_RTTC_011" tests="1" failures="0" timestamp="08 Sep 2019 14:42:50 GMT" time="24.906" errors="0">
  <testcase name="validLoginTest" time="24.906" classname="com.training.sanity.tests.LoginTests_RTTC_011"/>
</testsuite> <!-- com.training.sanity.tests.LoginTests_RTTC_011 -->
