<?xml version="1.0" encoding="UTF-8"?>
<!-- Generated by org.testng.reporters.JUnitReportReporter -->
<testsuite skipped="0" hostname="DESKTOP-R7L7OE4" name="com.training.regression.tests.RTTC_071_Test_Admin_AddMultipleProducts" tests="4" failures="0" timestamp="25 Sep 2019 11:11:53 GMT" time="204.242" errors="0">
  <testcase name="AddProductExcelTest" time="53.898" classname="com.training.regression.tests.RTTC_071_Test_Admin_AddMultipleProducts"/>
  <testcase name="AddProductExcelTest" time="50.065" classname="com.training.regression.tests.RTTC_071_Test_Admin_AddMultipleProducts"/>
  <testcase name="AddProductExcelTest" time="50.005" classname="com.training.regression.tests.RTTC_071_Test_Admin_AddMultipleProducts"/>
  <testcase name="AddProductExcelTest" time="50.274" classname="com.training.regression.tests.RTTC_071_Test_Admin_AddMultipleProducts"/>
</testsuite> <!-- com.training.regression.tests.RTTC_071_Test_Admin_AddMultipleProducts -->
